<?xml version="1.0" encoding="UTF-8"?>
<!-- Generated by org.testng.reporters.JUnitReportReporter -->
<testsuite skipped="0" hostname="G3G52VP2E" name="com.dgsl.selenium.testngconcept.TestngFeature" tests="9" failures="0" timestamp="2020-10-04T19:07:51 IST" time="0.023" errors="0">
  <testcase name="TestCaseFifth" time="0.001" classname="com.dgsl.selenium.testngconcept.TestngFeature"/>
  <system-out/>
  <testcase name="TestCaseThird" time="0.001" classname="com.dgsl.selenium.testngconcept.TestngFeature"/>
  <system-out/>
  <testcase name="TestCaseSecond" time="0.010" classname="com.dgsl.selenium.testngconcept.TestngFeature"/>
  <system-out/>
  <testcase name="TestCaseFourth" time="0.006" classname="com.dgsl.selenium.testngconcept.TestngFeature"/>
  <system-out/>
  <testcase name="TestCaseOne" time="0.001" classname="com.dgsl.selenium.testngconcept.TestngFeature"/>
  <system-out/>
  <testcase name="TestCaseOne" time="0.000" classname="com.dgsl.selenium.testngconcept.TestngFeature"/>
  <system-out/>
  <testcase name="TestCaseOne" time="0.001" classname="com.dgsl.selenium.testngconcept.TestngFeature"/>
  <system-out/>
  <testcase name="TestCaseOne" time="0.001" classname="com.dgsl.selenium.testngconcept.TestngFeature"/>
  <system-out/>
  <testcase name="TestCaseOne" time="0.002" classname="com.dgsl.selenium.testngconcept.TestngFeature"/>
  <system-out/>
</testsuite> <!-- com.dgsl.selenium.testngconcept.TestngFeature -->
