<?xml version="1.0" encoding="UTF-8"?>
<!-- Generated by org.testng.reporters.JUnitReportReporter -->
<testsuite hostname="SDF4-110-019" name="com.meritor.mail.SendMail" tests="1" failures="0" timestamp="23 Apr 2018 07:37:58 GMT" time="39.693" errors="0">
  <testcase name="EmailTest" time="39.693" classname="com.meritor.mail.SendMail"/>
</testsuite> <!-- com.meritor.mail.SendMail -->
