<?xml version="1.0" encoding="UTF-8"?>
<!-- Generated by org.testng.reporters.JUnitReportReporter -->
<testsuite skipped="0" hostname="G3G52VP2E" name="com.dgsl.selenium.testngconcept.TestngConcept" tests="1" failures="0" timestamp="2020-10-04T18:30:46 IST" time="0.007" errors="0">
  <testcase name="TestCase" time="0.007" classname="com.dgsl.selenium.testngconcept.TestngConcept"/>
  <system-out/>
</testsuite> <!-- com.dgsl.selenium.testngconcept.TestngConcept -->
